<testsuites id="" name="" tests="5" failures="0" skipped="0" errors="0" time="7.801262">
<testsuite name="alerts.spec.ts" timestamp="2025-10-08T00:18:59.505Z" hostname="chromium" tests="5" failures="0" skipped="0" time="29.244" errors="0">
<testcase name="Alerts Interaction Tests › Verify that the alert is displayed with the expected message" classname="alerts.spec.ts" time="5.361">
</testcase>
<testcase name="Alerts Interaction Tests › Verify that the confirm alert is displayed with the expected message and accept it" classname="alerts.spec.ts" time="6.055">
</testcase>
<testcase name="Alerts Interaction Tests › Verify that the confirm alert is displayed with the expected message and dismiss it" classname="alerts.spec.ts" time="6.081">
</testcase>
<testcase name="Alerts Interaction Tests › Verify that the prompt alert is displayed with the expected message, enter text and accept it" classname="alerts.spec.ts" time="6.029">
</testcase>
<testcase name="Alerts Interaction Tests › Verify that the prompt alert is displayed with the expected message and dismiss it" classname="alerts.spec.ts" time="5.718">
</testcase>
</testsuite>
</testsuites>